<?xml version="1.0" encoding="UTF-8"?>
<testng-results skipped="0" failed="0" ignored="0" total="1" passed="1">
  <reporter-output>
  </reporter-output>
  <suite name="Default suite" duration-ms="13373" started-at="2018-11-08T09:53:46Z" finished-at="2018-11-08T09:53:59Z">
    <groups>
    </groups>
    <test name="Default test" duration-ms="13373" started-at="2018-11-08T09:53:46Z" finished-at="2018-11-08T09:53:59Z">
      <class name="GmailRegistration">
        <test-method status="PASS" signature="launchBrowser()[pri:0, instance:GmailRegistration@4d95d2a2]" name="launchBrowser" is-config="true" duration-ms="7390" started-at="2018-11-08T09:53:46Z" finished-at="2018-11-08T09:53:53Z">
          <reporter-output>
          </reporter-output>
        </test-method> <!-- launchBrowser -->
        <test-method status="PASS" signature="gmailAccountRegistrationHomePage()[pri:0, instance:GmailRegistration@4d95d2a2]" name="gmailAccountRegistrationHomePage" duration-ms="5958" started-at="2018-11-08T09:53:53Z" finished-at="2018-11-08T09:53:59Z">
          <reporter-output>
          </reporter-output>
        </test-method> <!-- gmailAccountRegistrationHomePage -->
        <test-method status="PASS" signature="logoutPage()[pri:0, instance:GmailRegistration@4d95d2a2]" name="logoutPage" is-config="true" duration-ms="0" started-at="2018-11-08T09:53:59Z" finished-at="2018-11-08T09:53:59Z">
          <reporter-output>
          </reporter-output>
        </test-method> <!-- logoutPage -->
      </class> <!-- GmailRegistration -->
    </test> <!-- Default test -->
  </suite> <!-- Default suite -->
</testng-results>
